<?xml version="1.0" encoding="UTF-8"?>
<testsuite name="com.teamfour.frontwebservice.FrontwebserviceApplicationTests" tests="1" skipped="0" failures="0" errors="0" timestamp="2022-03-09T15:45:56" hostname="LAPTOP-ENABA0N0" time="0.379">
  <properties/>
  <testcase name="contextLoads()" classname="com.teamfour.frontwebservice.FrontwebserviceApplicationTests" time="0.379"/>
  <system-out><![CDATA[16:45:48.457 [Test worker] DEBUG org.springframework.test.context.BootstrapUtils - Instantiating CacheAwareContextLoaderDelegate from class [org.springframework.test.context.cache.DefaultCacheAwareContextLoaderDelegate]
16:45:48.457 [Test worker] DEBUG org.springframework.test.context.BootstrapUtils - Instantiating BootstrapContext using constructor [public org.springframework.test.context.support.DefaultBootstrapContext(java.lang.Class,org.springframework.test.context.CacheAwareContextLoaderDelegate)]
16:45:48.488 [Test worker] DEBUG org.springframework.test.context.BootstrapUtils - Instantiating TestContextBootstrapper for test class [com.teamfour.frontwebservice.FrontwebserviceApplicationTests] from class [org.springframework.boot.test.context.SpringBootTestContextBootstrapper]
16:45:48.504 [Test worker] INFO org.springframework.boot.test.context.SpringBootTestContextBootstrapper - Neither @ContextConfiguration nor @ContextHierarchy found for test class [com.teamfour.frontwebservice.FrontwebserviceApplicationTests], using SpringBootContextLoader
16:45:48.504 [Test worker] DEBUG org.springframework.test.context.support.AbstractContextLoader - Did not detect default resource location for test class [com.teamfour.frontwebservice.FrontwebserviceApplicationTests]: class path resource [com/teamfour/frontwebservice/FrontwebserviceApplicationTests-context.xml] does not exist
16:45:48.504 [Test worker] DEBUG org.springframework.test.context.support.AbstractContextLoader - Did not detect default resource location for test class [com.teamfour.frontwebservice.FrontwebserviceApplicationTests]: class path resource [com/teamfour/frontwebservice/FrontwebserviceApplicationTestsContext.groovy] does not exist
16:45:48.504 [Test worker] INFO org.springframework.test.context.support.AbstractContextLoader - Could not detect default resource locations for test class [com.teamfour.frontwebservice.FrontwebserviceApplicationTests]: no resource found for suffixes {-context.xml, Context.groovy}.
16:45:48.504 [Test worker] INFO org.springframework.test.context.support.AnnotationConfigContextLoaderUtils - Could not detect default configuration classes for test class [com.teamfour.frontwebservice.FrontwebserviceApplicationTests]: FrontwebserviceApplicationTests does not declare any static, non-private, non-final, nested classes annotated with @Configuration.
16:45:48.535 [Test worker] DEBUG org.springframework.test.context.support.ActiveProfilesUtils - Could not find an 'annotation declaring class' for annotation type [org.springframework.test.context.ActiveProfiles] and class [com.teamfour.frontwebservice.FrontwebserviceApplicationTests]
16:45:48.598 [Test worker] DEBUG org.springframework.context.annotation.ClassPathScanningCandidateComponentProvider - Identified candidate component class: file [C:\Users\neptu\Documents\frontwebservice\build\classes\java\main\com\teamfour\frontwebservice\FrontwebserviceApplication.class]
16:45:48.598 [Test worker] INFO org.springframework.boot.test.context.SpringBootTestContextBootstrapper - Found @SpringBootConfiguration com.teamfour.frontwebservice.FrontwebserviceApplication for test class com.teamfour.frontwebservice.FrontwebserviceApplicationTests
16:45:48.708 [Test worker] DEBUG org.springframework.boot.test.context.SpringBootTestContextBootstrapper - @TestExecutionListeners is not present for class [com.teamfour.frontwebservice.FrontwebserviceApplicationTests]: using defaults.
16:45:48.708 [Test worker] INFO org.springframework.boot.test.context.SpringBootTestContextBootstrapper - Loaded default TestExecutionListener class names from location [META-INF/spring.factories]: [org.springframework.boot.test.autoconfigure.restdocs.RestDocsTestExecutionListener, org.springframework.boot.test.autoconfigure.web.client.MockRestServiceServerResetTestExecutionListener, org.springframework.boot.test.autoconfigure.web.servlet.MockMvcPrintOnlyOnFailureTestExecutionListener, org.springframework.boot.test.autoconfigure.web.servlet.WebDriverTestExecutionListener, org.springframework.boot.test.autoconfigure.webservices.client.MockWebServiceServerTestExecutionListener, org.springframework.boot.test.mock.mockito.MockitoTestExecutionListener, org.springframework.boot.test.mock.mockito.ResetMocksTestExecutionListener, org.springframework.test.context.web.ServletTestExecutionListener, org.springframework.test.context.support.DirtiesContextBeforeModesTestExecutionListener, org.springframework.test.context.support.DependencyInjectionTestExecutionListener, org.springframework.test.context.support.DirtiesContextTestExecutionListener, org.springframework.test.context.transaction.TransactionalTestExecutionListener, org.springframework.test.context.jdbc.SqlScriptsTestExecutionListener, org.springframework.test.context.event.EventPublishingTestExecutionListener]
16:45:48.724 [Test worker] DEBUG org.springframework.boot.test.context.SpringBootTestContextBootstrapper - Skipping candidate TestExecutionListener [org.springframework.test.context.transaction.TransactionalTestExecutionListener] due to a missing dependency. Specify custom listener classes or make the default listener classes and their required dependencies available. Offending class: [org/springframework/transaction/interceptor/TransactionAttributeSource]
16:45:48.724 [Test worker] DEBUG org.springframework.boot.test.context.SpringBootTestContextBootstrapper - Skipping candidate TestExecutionListener [org.springframework.test.context.jdbc.SqlScriptsTestExecutionListener] due to a missing dependency. Specify custom listener classes or make the default listener classes and their required dependencies available. Offending class: [org/springframework/transaction/interceptor/TransactionAttribute]
16:45:48.724 [Test worker] INFO org.springframework.boot.test.context.SpringBootTestContextBootstrapper - Using TestExecutionListeners: [org.springframework.test.context.web.ServletTestExecutionListener@437e951d, org.springframework.test.context.support.DirtiesContextBeforeModesTestExecutionListener@77b325b3, org.springframework.boot.test.mock.mockito.MockitoTestExecutionListener@63a5e46c, org.springframework.boot.test.autoconfigure.SpringBootDependencyInjectionTestExecutionListener@7e8e8651, org.springframework.test.context.support.DirtiesContextTestExecutionListener@49ef32e0, org.springframework.test.context.event.EventPublishingTestExecutionListener@271f18d3, org.springframework.boot.test.autoconfigure.restdocs.RestDocsTestExecutionListener@6bd51ed8, org.springframework.boot.test.autoconfigure.web.client.MockRestServiceServerResetTestExecutionListener@61e3a1fd, org.springframework.boot.test.autoconfigure.web.servlet.MockMvcPrintOnlyOnFailureTestExecutionListener@51abf713, org.springframework.boot.test.autoconfigure.web.servlet.WebDriverTestExecutionListener@eadb475, org.springframework.boot.test.autoconfigure.webservices.client.MockWebServiceServerTestExecutionListener@4d4d48a6, org.springframework.boot.test.mock.mockito.ResetMocksTestExecutionListener@315df4bb]
16:45:48.724 [Test worker] DEBUG org.springframework.test.context.support.AbstractDirtiesContextTestExecutionListener - Before test class: context [DefaultTestContext@214894fc testClass = FrontwebserviceApplicationTests, testInstance = [null], testMethod = [null], testException = [null], mergedContextConfiguration = [WebMergedContextConfiguration@10567255 testClass = FrontwebserviceApplicationTests, locations = '{}', classes = '{class com.teamfour.frontwebservice.FrontwebserviceApplication}', contextInitializerClasses = '[]', activeProfiles = '{}', propertySourceLocations = '{}', propertySourceProperties = '{org.springframework.boot.test.context.SpringBootTestContextBootstrapper=true}', contextCustomizers = set[org.springframework.boot.test.autoconfigure.properties.PropertyMappingContextCustomizer@0, org.springframework.boot.test.autoconfigure.web.servlet.WebDriverContextCustomizerFactory$Customizer@163d04ff, org.springframework.boot.test.context.filter.ExcludeFilterContextCustomizer@1698ee84, org.springframework.boot.test.json.DuplicateJsonObjectContextCustomizerFactory$DuplicateJsonObjectContextCustomizer@328cf0e1, org.springframework.boot.test.mock.mockito.MockitoContextCustomizer@0, org.springframework.boot.test.web.client.TestRestTemplateContextCustomizer@58359ebd, org.springframework.boot.test.context.SpringBootTestArgs@1], resourceBasePath = 'src/main/webapp', contextLoader = 'org.springframework.boot.test.context.SpringBootContextLoader', parent = [null]], attributes = map['org.springframework.test.context.web.ServletTestExecutionListener.activateListener' -> true]], class annotated with @DirtiesContext [false] with mode [null].
16:45:48.755 [Test worker] DEBUG org.springframework.test.context.support.TestPropertySourceUtils - Adding inlined properties to environment: {spring.jmx.enabled=false, org.springframework.boot.test.context.SpringBootTestContextBootstrapper=true}

  .   ____          _            __ _ _
 /\\ / ___'_ __ _ _(_)_ __  __ _ \ \ \ \
( ( )\___ | '_ | '_| | '_ \/ _` | \ \ \ \
 \\/  ___)| |_)| | | | | || (_| |  ) ) ) )
  '  |____| .__|_| |_|_| |_\__, | / / / /
 =========|_|==============|___/=/_/_/_/
 :: Spring Boot ::        (v2.3.4.RELEASE)

2022-03-09 16:45:50.122  INFO 3608 --- [    Test worker] c.t.f.FrontwebserviceApplicationTests    : No active profile set, falling back to default profiles: default
2022-03-09 16:45:50.842  WARN 3608 --- [    Test worker] o.s.boot.actuate.endpoint.EndpointId     : Endpoint ID 'service-registry' contains invalid characters, please migrate to a valid format.
2022-03-09 16:45:50.873  WARN 3608 --- [    Test worker] o.s.boot.actuate.endpoint.EndpointId     : Endpoint ID 'hystrix.stream' contains invalid characters, please migrate to a valid format.
2022-03-09 16:45:50.983  INFO 3608 --- [    Test worker] o.s.cloud.context.scope.GenericScope     : BeanFactory id=e42dc319-d062-3148-a1da-28b4f5be2d12
2022-03-09 16:45:52.379  WARN 3608 --- [    Test worker] c.n.c.sources.URLConfigurationSource     : No URLs will be polled as dynamic configuration sources.
2022-03-09 16:45:52.379  INFO 3608 --- [    Test worker] c.n.c.sources.URLConfigurationSource     : To enable URLs as dynamic configuration sources, define System property archaius.configurationSource.additionalUrls or make config.properties available on classpath.
2022-03-09 16:45:52.395  WARN 3608 --- [    Test worker] c.n.c.sources.URLConfigurationSource     : No URLs will be polled as dynamic configuration sources.
2022-03-09 16:45:52.395  INFO 3608 --- [    Test worker] c.n.c.sources.URLConfigurationSource     : To enable URLs as dynamic configuration sources, define System property archaius.configurationSource.additionalUrls or make config.properties available on classpath.
2022-03-09 16:45:53.359  INFO 3608 --- [    Test worker] o.s.s.concurrent.ThreadPoolTaskExecutor  : Initializing ExecutorService 'applicationTaskExecutor'
2022-03-09 16:45:54.770  INFO 3608 --- [    Test worker] DiscoveryClientOptionalArgsConfiguration : Eureka HTTP Client uses Jersey
2022-03-09 16:45:54.864  WARN 3608 --- [    Test worker] ockingLoadBalancerClientRibbonWarnLogger : You already have RibbonLoadBalancerClient on your classpath. It will be used by default. As Spring Cloud Ribbon is in maintenance mode. We recommend switching to BlockingLoadBalancerClient instead. In order to use it, set the value of `spring.cloud.loadbalancer.ribbon.enabled` to `false` or remove spring-cloud-starter-netflix-ribbon from your project.
2022-03-09 16:45:54.959  INFO 3608 --- [    Test worker] o.s.b.a.e.web.EndpointLinksResolver      : Exposing 2 endpoint(s) beneath base path '/actuator'
2022-03-09 16:45:55.021  INFO 3608 --- [    Test worker] o.s.c.n.eureka.InstanceInfoFactory       : Setting initial instance status as: STARTING
2022-03-09 16:45:55.100  INFO 3608 --- [    Test worker] com.netflix.discovery.DiscoveryClient    : Initializing Eureka in region us-east-1
2022-03-09 16:45:55.319  INFO 3608 --- [    Test worker] c.n.d.provider.DiscoveryJerseyProvider   : Using JSON encoding codec LegacyJacksonJson
2022-03-09 16:45:55.319  INFO 3608 --- [    Test worker] c.n.d.provider.DiscoveryJerseyProvider   : Using JSON decoding codec LegacyJacksonJson
2022-03-09 16:45:55.476  INFO 3608 --- [    Test worker] c.n.d.provider.DiscoveryJerseyProvider   : Using XML encoding codec XStreamXml
2022-03-09 16:45:55.476  INFO 3608 --- [    Test worker] c.n.d.provider.DiscoveryJerseyProvider   : Using XML decoding codec XStreamXml
2022-03-09 16:45:55.712  INFO 3608 --- [    Test worker] c.n.d.s.r.aws.ConfigClusterResolver      : Resolving eureka endpoints via configuration
2022-03-09 16:45:55.916  INFO 3608 --- [    Test worker] com.netflix.discovery.DiscoveryClient    : Disable delta property : false
2022-03-09 16:45:55.916  INFO 3608 --- [    Test worker] com.netflix.discovery.DiscoveryClient    : Single vip registry refresh property : null
2022-03-09 16:45:55.916  INFO 3608 --- [    Test worker] com.netflix.discovery.DiscoveryClient    : Force full registry fetch : false
2022-03-09 16:45:55.916  INFO 3608 --- [    Test worker] com.netflix.discovery.DiscoveryClient    : Application is null : false
2022-03-09 16:45:55.916  INFO 3608 --- [    Test worker] com.netflix.discovery.DiscoveryClient    : Registered Applications size is zero : true
2022-03-09 16:45:55.916  INFO 3608 --- [    Test worker] com.netflix.discovery.DiscoveryClient    : Application version is -1: true
2022-03-09 16:45:55.916  INFO 3608 --- [    Test worker] com.netflix.discovery.DiscoveryClient    : Getting all instance registry info from the eureka server
2022-03-09 16:45:56.088  INFO 3608 --- [    Test worker] com.netflix.discovery.DiscoveryClient    : The response status is 200
2022-03-09 16:45:56.104  INFO 3608 --- [    Test worker] com.netflix.discovery.DiscoveryClient    : Starting heartbeat executor: renew interval is: 30
2022-03-09 16:45:56.104  INFO 3608 --- [    Test worker] c.n.discovery.InstanceInfoReplicator     : InstanceInfoReplicator onDemand update allowed rate per min is 4
2022-03-09 16:45:56.104  INFO 3608 --- [    Test worker] com.netflix.discovery.DiscoveryClient    : Discovery Client initialized at timestamp 1646840756104 with initial instances count: 3
2022-03-09 16:45:56.104  INFO 3608 --- [    Test worker] o.s.c.n.e.s.EurekaServiceRegistry        : Registering application FRONTSERVICE with eureka with status UP
2022-03-09 16:45:56.104  INFO 3608 --- [    Test worker] com.netflix.discovery.DiscoveryClient    : Saw local status change event StatusChangeEvent [timestamp=1646840756104, current=UP, previous=STARTING]
2022-03-09 16:45:56.120  INFO 3608 --- [nfoReplicator-0] com.netflix.discovery.DiscoveryClient    : DiscoveryClient_FRONTSERVICE/LAPTOP-ENABA0N0:FrontService:8282: registering service...
2022-03-09 16:45:56.135  INFO 3608 --- [    Test worker] c.t.f.FrontwebserviceApplicationTests    : Started FrontwebserviceApplicationTests in 7.366 seconds (JVM running for 8.726)
2022-03-09 16:45:56.151  INFO 3608 --- [nfoReplicator-0] com.netflix.discovery.DiscoveryClient    : DiscoveryClient_FRONTSERVICE/LAPTOP-ENABA0N0:FrontService:8282 - registration status: 204
]]></system-out>
  <system-err><![CDATA[]]></system-err>
</testsuite>
